Traceback (most recent call last):
  File "/usr/local/bin/flask", line 8, in <module>
    sys.exit(main())
  File "/usr/local/lib/python3.10/site-packages/flask/cli.py", line 1131, in main
    cli.main()
  File "/usr/local/lib/python3.10/site-packages/click/core.py", line 1406, in main
    rv = self.invoke(ctx)
  File "/usr/local/lib/python3.10/site-packages/click/core.py", line 1873, in invoke
    return _process_result(sub_ctx.command.invoke(sub_ctx))
  File "/usr/local/lib/python3.10/site-packages/click/core.py", line 1269, in invoke
    return ctx.invoke(self.callback, **ctx.params)
  File "/usr/local/lib/python3.10/site-packages/click/core.py", line 824, in invoke
    return callback(*args, **kwargs)
  File "/usr/local/lib/python3.10/site-packages/click/decorators.py", line 34, in new_func
    return f(get_current_context(), *args, **kwargs)
  File "/usr/local/lib/python3.10/site-packages/flask/cli.py", line 400, in decorator
    return ctx.invoke(f, *args, **kwargs)
  File "/usr/local/lib/python3.10/site-packages/click/core.py", line 824, in invoke
    return callback(*args, **kwargs)
  File "/app/run.py", line 20, in send_daily_prompt
    with mail.connect() as conn:
  File "/usr/local/lib/python3.10/site-packages/flask_mail/__init__.py", line 127, in __enter__
    self.host = self.configure_host()
  File "/usr/local/lib/python3.10/site-packages/flask_mail/__init__.py", line 144, in configure_host
    host = smtplib.SMTP(self.mail.server, self.mail.port)
  File "/usr/local/lib/python3.10/smtplib.py", line 255, in __init__
    (code, msg) = self.connect(host, port)
  File "/usr/local/lib/python3.10/smtplib.py", line 341, in connect
    self.sock = self._get_socket(host, port, self.timeout)
  File "/usr/local/lib/python3.10/smtplib.py", line 312, in _get_socket
    return socket.create_connection((host, port), timeout,
  File "/usr/local/lib/python3.10/socket.py", line 857, in create_connection
    raise err
  File "/usr/local/lib/python3.10/socket.py", line 845, in create_connection
    sock.connect(sa)
OSError: [Errno 101] Network is unreachable
Traceback (most recent call last):
  File "/usr/local/bin/flask", line 8, in <module>
    sys.exit(main())
  File "/usr/local/lib/python3.10/site-packages/flask/cli.py", line 1131, in main
    cli.main()
  File "/usr/local/lib/python3.10/site-packages/click/core.py", line 1406, in main
    rv = self.invoke(ctx)
  File "/usr/local/lib/python3.10/site-packages/click/core.py", line 1873, in invoke
    return _process_result(sub_ctx.command.invoke(sub_ctx))
  File "/usr/local/lib/python3.10/site-packages/click/core.py", line 1269, in invoke
    return ctx.invoke(self.callback, **ctx.params)
  File "/usr/local/lib/python3.10/site-packages/click/core.py", line 824, in invoke
    return callback(*args, **kwargs)
  File "/usr/local/lib/python3.10/site-packages/click/decorators.py", line 34, in new_func
    return f(get_current_context(), *args, **kwargs)
  File "/usr/local/lib/python3.10/site-packages/flask/cli.py", line 400, in decorator
    return ctx.invoke(f, *args, **kwargs)
  File "/usr/local/lib/python3.10/site-packages/click/core.py", line 824, in invoke
    return callback(*args, **kwargs)
  File "/app/run.py", line 20, in send_daily_prompt
    with mail.connect() as conn:
  File "/usr/local/lib/python3.10/site-packages/flask_mail/__init__.py", line 127, in __enter__
    self.host = self.configure_host()
  File "/usr/local/lib/python3.10/site-packages/flask_mail/__init__.py", line 144, in configure_host
    host = smtplib.SMTP(self.mail.server, self.mail.port)
  File "/usr/local/lib/python3.10/smtplib.py", line 255, in __init__
    (code, msg) = self.connect(host, port)
  File "/usr/local/lib/python3.10/smtplib.py", line 341, in connect
    self.sock = self._get_socket(host, port, self.timeout)
  File "/usr/local/lib/python3.10/smtplib.py", line 312, in _get_socket
    return socket.create_connection((host, port), timeout,
  File "/usr/local/lib/python3.10/socket.py", line 857, in create_connection
    raise err
  File "/usr/local/lib/python3.10/socket.py", line 845, in create_connection
    sock.connect(sa)
OSError: [Errno 99] Cannot assign requested address
